GROUP,PACKAGE,CLASS,INSTRUCTION_MISSED,INSTRUCTION_COVERED,BRANCH_MISSED,BRANCH_COVERED,LINE_MISSED,LINE_COVERED,COMPLEXITY_MISSED,COMPLEXITY_COVERED,METHOD_MISSED,METHOD_COVERED
retail,com.retial.app.application.controller,BillController,0,11,0,0,0,2,0,2,0,2
retail,com.retial.app.application.controller,BillController.BillRequest,0,9,0,0,0,1,0,1,0,1
retail,com.retial.app.domain.entity,User,44,170,23,15,0,8,20,14,1,14
retail,com.retial.app.domain.entity,User.UserBuilder,10,35,0,0,0,1,1,6,1,6
retail,com.retial.app.domain.entity,Item.ItemBuilder,10,35,0,0,0,1,1,6,1,6
retail,com.retial.app.domain.entity,Item,34,159,15,13,0,8,14,15,1,14
retail,com.retial.app.domain.entity,Bill,26,125,13,11,0,11,12,14,1,13
retail,com.retial.app.domain.entity,Bill.BillBuilder,6,21,0,0,0,1,1,4,1,4
retail,com.retial.app,RetailApplication,5,3,0,0,2,1,1,1,1,1
retail,com.retial.app.domain.enums,UserType,0,21,0,0,0,2,0,1,0,1
retail,com.retial.app.domain.service,BillService,0,66,1,7,0,15,1,7,0,3
,,,,,,,2,51,,,7,65
,,,,,,,,,,,,
,,,,,,,,,,,,
,,,,,,,,,,,,
,,,,,96%,,,,,90%,,
