GROUP,PACKAGE,CLASS,INSTRUCTION_MISSED,INSTRUCTION_COVERED,BRANCH_MISSED,BRANCH_COVERED,LINE_MISSED,LINE_COVERED,COMPLEXITY_MISSED,COMPLEXITY_COVERED,METHOD_MISSED,METHOD_COVERED
demo,com.example.demo.controllers,AddInhousePartController,91,3,6,0,21,1,5,1,2,1
demo,com.example.demo.controllers,AddPartController,90,3,8,0,23,1,6,1,2,1
demo,com.example.demo.controllers,AboutController,2,3,0,0,1,1,1,1,1,1
demo,com.example.demo.controllers,AddProductController,621,6,50,0,124,3,33,1,8,1
demo,com.example.demo.controllers,AddOutsourcedPartController,63,3,8,0,14,1,6,1,2,1
demo,com.example.demo.controllers,MainScreenControllerr,32,9,0,0,7,4,1,1,1,1
demo,com.example.demo.service,PartServiceImpl,59,6,4,0,16,3,7,1,5,1
demo,com.example.demo.service,OutsourcedPartServiceImpl,43,6,2,0,13,3,5,1,4,1
demo,com.example.demo.service,ProductServiceImpl,59,6,4,0,16,3,7,1,5,1
demo,com.example.demo.service,InhousePartServiceImpl,38,11,2,0,12,4,4,2,3,2
demo,com.example.demo.validators,PriceProductValidator,64,0,10,0,14,0,8,0,3,0
demo,com.example.demo.validators,EnufPartsValidator,60,0,10,0,13,0,8,0,3,0
demo,com.example.demo,DemoApplication,5,3,0,0,2,1,1,1,1,1
demo,com.example.demo.bootstrap,BootStrapData,194,44,5,1,36,12,3,2,0,2
demo,com.example.demo.domain,Part,52,116,7,7,17,24,15,13,8,13
demo,com.example.demo.domain,InhousePart,21,10,0,0,5,5,1,3,1,3
demo,com.example.demo.domain,Product,74,82,4,4,17,25,8,14,4,14
demo,com.example.demo.domain,OutsourcedPart,45,10,4,0,11,5,7,3,5,3
,,,,,,,362,96,126,47,58,47
,,,,,,,,,,,,
,,,,,,,,,,,,
,,,,,,,21%,,,,,45%
