GROUP,PACKAGE,CLASS,INSTRUCTION_MISSED,INSTRUCTION_COVERED,BRANCH_MISSED,BRANCH_COVERED,LINE_MISSED,LINE_COVERED,COMPLEXITY_MISSED,COMPLEXITY_COVERED,METHOD_MISSED,METHOD_COVERED
demo,com.example.demo.controllers,AddInhousePartController,91,3,6,0,21,1,5,1,2,1
demo,com.example.demo.controllers,AddPartController,90,3,8,0,23,1,6,1,2,1
demo,com.example.demo.controllers,AboutController,2,3,0,0,1,1,1,1,1,1
demo,com.example.demo.controllers,AddProductController,14,44,3,1,3,10,2,2,0,2
demo,com.example.demo.controllers,AddOutsourcedPartController,63,3,8,0,14,1,6,1,2,1
demo,com.example.demo.controllers,MainScreenControllerr,32,9,0,0,7,4,1,1,1,1
demo,com.example.demo.service,PartServiceImpl,59,6,4,0,16,3,7,1,5,1
demo,com.example.demo.service,OutsourcedPartServiceImpl,43,6,2,0,13,3,5,1,4,1
demo,com.example.demo.service,ProductServiceImpl,59,6,4,0,16,3,7,1,5,1
demo,com.example.demo.service,InhousePartServiceImpl,38,11,2,0,12,4,4,2,3,2
demo,com.example.demo.validators,PriceProductValidator,64,0,10,0,14,0,8,0,3,0
demo,com.example.demo.validators,EnufPartsValidator,60,0,10,0,13,0,8,0,3,0
demo,com.example.demo,DemoApplication,5,3,0,0,2,1,1,1,1,1
demo,com.example.demo.bootstrap,BootStrapData,12,226,2,4,2,46,2,3,0,2
demo,com.example.demo.domain,Part,26,142,7,7,9,32,13,15,6,15
demo,com.example.demo.domain,InhousePart,0,31,0,0,0,10,0,4,0,4
demo,com.example.demo.domain,Product,30,126,4,4,6,36,5,17,1,17
demo,com.example.demo.domain,OutsourcedPart,28,27,4,0,6,10,6,4,4,4
,,,,,,,178,166,87,56,43,55
,,,,,,,,,,,,
,,,,,,,,,,,,
,,,,,,,48%,,,,,56%
