GROUP,PACKAGE,CLASS,INSTRUCTION_MISSED,INSTRUCTION_COVERED,BRANCH_MISSED,BRANCH_COVERED,LINE_MISSED,LINE_COVERED,COMPLEXITY_MISSED,COMPLEXITY_COVERED,METHOD_MISSED,METHOD_COVERED
demo,com.example.demo.controllers,AddInhousePartController,0,94,1,5,0,22,1,5,0,3
demo,com.example.demo.controllers,AddPartController,0,93,0,8,0,24,0,7,0,3
demo,com.example.demo.controllers,AboutController,2,3,0,0,1,1,1,1,1,1
demo,com.example.demo.controllers,AddProductController,0,58,1,3,0,13,1,3,0,2
demo,com.example.demo.controllers,AddOutsourcedPartController,0,66,1,7,0,15,1,6,0,3
demo,com.example.demo.controllers,MainScreenControllerr,0,41,0,0,0,11,0,2,0,2
demo,com.example.demo.service,PartServiceImpl,0,65,0,4,0,19,0,8,0,6
demo,com.example.demo.service,OutsourcedPartServiceImpl,0,49,0,2,0,16,0,6,0,5
demo,com.example.demo.service,ProductServiceImpl,0,65,0,4,0,19,0,8,0,6
demo,com.example.demo.service,InhousePartServiceImpl,0,49,0,2,0,16,0,6,0,5
demo,com.example.demo.validators,PriceProductValidator,6,58,2,8,2,12,3,5,1,2
demo,com.example.demo.validators,EnufPartsValidator,6,54,2,8,2,11,3,5,1,2
demo,com.example.demo,DemoApplication,5,3,0,0,2,1,1,1,1,1
demo,com.example.demo.bootstrap,BootStrapData,12,226,2,4,2,46,2,3,0,2
demo,com.example.demo.domain,Part,1,167,5,9,0,41,5,23,0,21
demo,com.example.demo.domain,InhousePart,0,31,0,0,0,10,0,4,0,4
demo,com.example.demo.domain,Product,0,156,0,8,0,42,0,22,0,18
demo,com.example.demo.domain,OutsourcedPart,0,57,0,4,0,15,0,10,0,8
,,,,,,,9,334,18,125,4,94
,,,,,,,,,,,,
,,,,,,,97%,,,,96%,
